<?xml version="1.0" encoding="UTF-8"?>
<!-- Generated by org.testng.reporters.JUnitReportReporter -->
<testsuite hostname="DESKTOP-LLREKF9" failures="0" tests="1" name="pomscript.RunnerClass" time="23.146" errors="0" timestamp="2023-08-24T16:12:15 IST" skipped="0">
  <testcase classname="pomscript.RunnerClass" name="click1" time="23.146"/>
</testsuite> <!-- pomscript.RunnerClass -->
