<?xml version="1.0" encoding="UTF-8"?>
<!-- Generated by org.testng.reporters.JUnitReportReporter -->
<testsuite hostname="DESKTOP-LLREKF9" failures="0" tests="2" name="testng_qsp2.basicprograms" time="0.012" errors="0" timestamp="2023-08-17T12:20:51 IST" skipped="1">
  <testcase classname="testng_qsp2.basicprograms" name="data2" time="0.012">
    <system-out>
      <![CDATA[world]]>
    </system-out>
  </testcase> <!-- data2 -->
  <testcase classname="testng_qsp2.basicprograms" name="data1">
    <skipped/>
  </testcase> <!-- data1 -->
  <system-out>
    <![CDATA[world]]>
  </system-out>
</testsuite> <!-- testng_qsp2.basicprograms -->
