<?xml version="1.0" encoding="UTF-8"?>
<!-- Generated by org.testng.reporters.JUnitReportReporter -->
<testsuite hostname="DESKTOP-LLREKF9" failures="0" tests="1" name="testng_qsp2.Assert" time="29.833" errors="0" timestamp="2023-08-23T18:07:29 IST" skipped="0">
  <testcase classname="testng_qsp2.Assert" name="test1" time="29.833"/>
</testsuite> <!-- testng_qsp2.Assert -->
