<?xml version="1.0" encoding="UTF-8"?>
<!-- Generated by org.testng.reporters.JUnitReportReporter -->
<testsuite hostname="DESKTOP-LLREKF9" failures="0" tests="1" name="demo.sample" time="0.015" errors="0" timestamp="2023-08-24T15:29:00 IST" skipped="0">
  <testcase classname="demo.sample" name="run" time="0.015"/>
</testsuite> <!-- demo.sample -->
