<?xml version="1.0" encoding="UTF-8"?>
<!-- Generated by org.testng.reporters.JUnitReportReporter -->
<testsuite hostname="DESKTOP-LLREKF9" failures="0" tests="1" name="testng_qsp2.Basicprogram_2" time="0.015" errors="0" timestamp="2023-08-23T16:27:45 IST" skipped="0">
  <testcase classname="testng_qsp2.Basicprogram_2" name="data3" time="0.015">
    <system-out>
      <![CDATA[hii]]>
    </system-out>
  </testcase> <!-- data3 -->
  <system-out>
    <![CDATA[hii]]>
  </system-out>
</testsuite> <!-- testng_qsp2.Basicprogram_2 -->
