<?xml version="1.0" encoding="UTF-8"?>
<!-- Generated by org.testng.reporters.JUnitReportReporter -->
<testsuite hostname="DESKTOP-LLREKF9" failures="0" tests="2" name="testng_qsp2.Runnerclass2" time="61.611" errors="0" timestamp="2023-08-21T17:30:14 IST" skipped="0">
  <testcase classname="testng_qsp2.Runnerclass2" name="test2" time="33.638"/>
  <testcase classname="testng_qsp2.Runnerclass2" name="test3" time="27.973"/>
</testsuite> <!-- testng_qsp2.Runnerclass2 -->
