<?xml version="1.0" encoding="UTF-8"?>
<!-- Generated by org.testng.reporters.JUnitReportReporter -->
<testsuite hostname="DESKTOP-LLREKF9" failures="0" tests="1" name="pacakge_1.Demo_1" time="0.004" errors="0" timestamp="2023-08-17T12:13:03 IST" skipped="0">
  <testcase classname="pacakge_1.Demo_1" name="tuesday" time="0.004">
    <system-out>
      <![CDATA[hello]]>
    </system-out>
  </testcase> <!-- tuesday -->
  <system-out>
    <![CDATA[India
hello]]>
  </system-out>
</testsuite> <!-- pacakge_1.Demo_1 -->
