<?xml version="1.0" encoding="UTF-8"?>
<!-- Generated by org.testng.reporters.JUnitReportReporter -->
<testsuite hostname="DESKTOP-LLREKF9" failures="0" tests="1" name="packag_2.Demo_2" time="0.012" errors="0" timestamp="2023-08-17T12:13:03 IST" skipped="0">
  <testcase classname="packag_2.Demo_2" name="wednesday" time="0.012">
    <system-out>
      <![CDATA[India]]>
    </system-out>
  </testcase> <!-- wednesday -->
  <system-out>
    <![CDATA[India
hello]]>
  </system-out>
</testsuite> <!-- packag_2.Demo_2 -->
