<?xml version="1.0" encoding="UTF-8"?>
<!-- Generated by org.testng.reporters.JUnitReportReporter -->
<testsuite hostname="DESKTOP-LLREKF9" failures="0" tests="1" name="testng_qsp2.package_2" time="0.016" errors="0" timestamp="2023-08-23T12:57:18 IST" skipped="0">
  <testcase classname="testng_qsp2.package_2" name="wednesday" time="0.016">
    <system-out>
      <![CDATA[world]]>
    </system-out>
  </testcase> <!-- wednesday -->
  <system-out>
    <![CDATA[world]]>
  </system-out>
</testsuite> <!-- testng_qsp2.package_2 -->
