<?xml version="1.0" encoding="UTF-8"?>
<!-- Generated by org.testng.reporters.JUnitReportReporter -->
<testsuite hostname="DESKTOP-LLREKF9" failures="0" tests="1" name="reportingtool.Reporting_tool_3" time="0.146" errors="0" timestamp="2023-08-31T13:52:16 IST" skipped="0">
  <testcase classname="reportingtool.Reporting_tool_3" name="reports" time="0.146"/>
</testsuite> <!-- reportingtool.Reporting_tool_3 -->
