<?xml version="1.0" encoding="UTF-8"?>
<!-- Generated by org.testng.reporters.JUnitReportReporter -->
<testsuite hostname="DESKTOP-LLREKF9" failures="0" tests="1" name="reportingtool.Reporting_Tool_2" time="0.077" errors="0" timestamp="2023-08-30T13:55:05 IST" skipped="0">
  <testcase classname="reportingtool.Reporting_Tool_2" name="console" time="0.077"/>
</testsuite> <!-- reportingtool.Reporting_Tool_2 -->
