<?xml version="1.0" encoding="UTF-8"?>
<!-- Generated by org.testng.reporters.JUnitReportReporter -->
<testsuite hostname="DESKTOP-LLREKF9" failures="0" tests="1" name="reportingtool.reporting" time="1.233" errors="0" timestamp="2023-08-30T13:27:05 IST" skipped="0">
  <testcase classname="reportingtool.reporting" name="test1" time="1.233"/>
</testsuite> <!-- reportingtool.reporting -->
