<?xml version="1.0" encoding="UTF-8"?>
<!-- Generated by org.testng.reporters.JUnitReportReporter -->
<testsuite hostname="DESKTOP-LLREKF9" failures="0" tests="2" name="testng_qsp2.Basic_practice_4" time="12.081" errors="0" timestamp="2023-08-17T11:12:43 IST" skipped="0">
  <testcase classname="testng_qsp2.Basic_practice_4" name="data22" time="12.073">
    <system-out>
      <![CDATA[source
source
source
source
source
source
source
source
source
source
source
source
source
source
source
source
source
source
source
source
source
source
source
source
source
source
source
source
source
source
source
source
source
source
source
source
source
source
source
source
source
source
source
source
source
source
source
source
source
source
source
source
source
source
source
source
source
source
source
source
source]]>
    </system-out>
  </testcase> <!-- data22 -->
  <testcase classname="testng_qsp2.Basic_practice_4" name="data23" time="0.008">
    <system-out>
      <![CDATA[d]]>
    </system-out>
  </testcase> <!-- data23 -->
  <system-out>
    <![CDATA[source
source
source
source
source
source
source
source
source
source
source
source
source
source
source
source
source
source
source
source
source
source
source
source
source
source
source
source
source
source
source
source
source
source
source
source
source
source
source
source
source
source
source
source
source
source
source
source
source
source
source
source
source
source
source
source
source
source
source
source
source
d]]>
  </system-out>
</testsuite> <!-- testng_qsp2.Basic_practice_4 -->
