<?xml version="1.0" encoding="UTF-8"?>
<!-- Generated by org.testng.reporters.JUnitReportReporter -->
<testsuite hostname="DESKTOP-LLREKF9" failures="0" tests="1" name="testng_qsp2.Basic_script5" time="8.040" errors="0" timestamp="2023-08-17T11:50:18 IST" skipped="0">
  <testcase classname="testng_qsp2.Basic_script5" name="data24" time="8.040">
    <system-out>
      <![CDATA[a]]>
    </system-out>
  </testcase> <!-- data24 -->
  <system-out>
    <![CDATA[txt
a]]>
  </system-out>
</testsuite> <!-- testng_qsp2.Basic_script5 -->
