<?xml version="1.0" encoding="UTF-8"?>
<!-- Generated by org.testng.reporters.JUnitReportReporter -->
<testsuite hostname="DESKTOP-LLREKF9" failures="0" tests="1" name="testng_qsp2.Basic_script_3" time="9.035" errors="0" timestamp="2023-08-17T11:50:18 IST" skipped="0">
  <testcase classname="testng_qsp2.Basic_script_3" name="data1" time="9.035">
    <system-out>
      <![CDATA[txt]]>
    </system-out>
  </testcase> <!-- data1 -->
  <system-out>
    <![CDATA[txt
a]]>
  </system-out>
</testsuite> <!-- testng_qsp2.Basic_script_3 -->
