<?xml version="1.0" encoding="UTF-8"?>
<!-- Generated by org.testng.reporters.JUnitReportReporter -->
<testsuite hostname="DESKTOP-LLREKF9" failures="0" tests="2" name="testng_qsp2.basicprograms" time="0.010" errors="0" timestamp="2023-08-16T17:31:33 IST" skipped="0">
  <testcase classname="testng_qsp2.basicprograms" name="data2" time="0.005">
    <system-out>
      <![CDATA[world]]>
    </system-out>
  </testcase> <!-- data2 -->
  <testcase classname="testng_qsp2.basicprograms" name="data1" time="0.005">
    <system-out>
      <![CDATA[hello]]>
    </system-out>
  </testcase> <!-- data1 -->
  <system-out>
    <![CDATA[hii
hello
world]]>
  </system-out>
</testsuite> <!-- testng_qsp2.basicprograms -->
